<?xml version="1.0" encoding="UTF-8"?>
<!-- Generated by org.testng.reporters.JUnitReportReporter -->
<testsuite hostname="LAPTOP-LEL4304P" name="test.Search" tests="2" failures="0" timestamp="12 May 2020 04:18:12 GMT" time="43.554" errors="0">
  <testcase name="searchGoogle" time="20.397" classname="test.Search"/>
  <testcase name="searchGoogle" time="23.157" classname="test.Search"/>
</testsuite> <!-- test.Search -->
